<?xml version="1.0" encoding="UTF-8"?>
<!-- Generated by org.testng.reporters.JUnitReportReporter -->
<testsuite hostname="DESKTOP-G3K29R7" failures="0" tests="4" name="com.example.NewTest1" time="71.229" errors="0" timestamp="2023-07-20T13:48:10 IST" skipped="0">
  <testcase classname="com.example.NewTest1" name="registrationTest" time="10.276">
    <system-out>
      <![CDATA[Registration Testing completed !]]>
    </system-out>
  </testcase> <!-- registrationTest -->
  <testcase classname="com.example.NewTest1" name="signinTest" time="19.395">
    <system-out>
      <![CDATA[Sigin Testing completed !]]>
    </system-out>
  </testcase> <!-- signinTest -->
  <testcase classname="com.example.NewTest1" name="searchbarTest" time="7.267">
    <system-out>
      <![CDATA[Searchbar Testing completed !]]>
    </system-out>
  </testcase> <!-- searchbarTest -->
  <testcase classname="com.example.NewTest1" name="addToCartTest" time="34.291">
    <system-out>
      <![CDATA[Add to cart Testing completed !]]>
    </system-out>
  </testcase> <!-- addToCartTest -->
  <system-out>
    <![CDATA[Registration Testing completed !
Sigin Testing completed !
Searchbar Testing completed !
Add to cart Testing completed !
Testing completed !]]>
  </system-out>
</testsuite> <!-- com.example.NewTest1 -->
